<?xml version="1.0" encoding="UTF-8"?>
<!-- Generated by org.testng.reporters.JUnitXMLReporter -->
<testsuite hostname="AA-PC" ignored="0" name="default-test" tests="9" failures="0" timestamp="19 Aug 2019 07:16:14 GMT" time="0.063" errors="0">
  <testcase name="tc007" time="0.011" classname="framework_testng.TestSuite.Class3"/>
  <testcase name="tc008" time="0.0" classname="framework_testng.TestSuite.Class3"/>
  <testcase name="tc009" time="0.0" classname="framework_testng.TestSuite.Class3"/>
  <testcase name="tc004" time="0.001" classname="framework_testng.TestSuite.Class2"/>
  <testcase name="tc005" time="0.001" classname="framework_testng.TestSuite.Class2"/>
  <testcase name="tc006" time="0.0" classname="framework_testng.TestSuite.Class2"/>
  <testcase name="tc001" time="0.0" classname="framework_testng.TestSuite.Class1"/>
  <testcase name="tc002" time="0.0" classname="framework_testng.TestSuite.Class1"/>
  <testcase name="tc003" time="0.001" classname="framework_testng.TestSuite.Class1"/>
</testsuite> <!-- default-test -->
