<?xml version="1.0" encoding="UTF-8"?>
<!-- Generated by org.testng.reporters.JUnitXMLReporter -->
<testsuite hostname="AA-PC" ignored="0" name="Default test" tests="9" failures="0" timestamp="20 Aug 2019 06:17:12 GMT" time="0.069" errors="0">
  <testcase name="tc001" time="0.015" classname="framework_testng.Groups.TestSuite1"/>
  <testcase name="tc002" time="0.0" classname="framework_testng.Groups.TestSuite1"/>
  <testcase name="tc003" time="0.0" classname="framework_testng.Groups.TestSuite1"/>
  <testcase name="tc005" time="0.001" classname="framework_testng.Groups.TestSuite2"/>
  <testcase name="tc004" time="0.001" classname="framework_testng.Groups.TestSuite2"/>
  <testcase name="tc006" time="0.0" classname="framework_testng.Groups.TestSuite2"/>
  <testcase name="tc007" time="0.002" classname="framework_testng.Groups.TestSuite3"/>
  <testcase name="tc008" time="0.001" classname="framework_testng.Groups.TestSuite3"/>
  <testcase name="tc009" time="0.001" classname="framework_testng.Groups.TestSuite3"/>
</testsuite> <!-- Default test -->
