<?xml version="1.0" encoding="UTF-8"?>
<!-- Generated by org.testng.reporters.JUnitXMLReporter -->
<testsuite hostname="AA-PC" ignored="2" name="test1" tests="4" failures="0" timestamp="19 Aug 2019 07:29:49 GMT" time="0.056" errors="0">
  <testcase name="tc001" time="0.019" classname="framework_testng.TestSuite.Class1"/>
  <testcase name="tc002" time="0.001" classname="framework_testng.TestSuite.Class1"/>
  <testcase name="tc005" time="0.001" classname="framework_testng.TestSuite.Class2"/>
  <testcase name="tc006" time="0.006" classname="framework_testng.TestSuite.Class2"/>
  <testcase name="tc003" time="0.0" classname="framework_testng.TestSuite.Class1">
    <ignored/>
  </testcase> <!-- tc003 -->
  <testcase name="tc004" time="0.0" classname="framework_testng.TestSuite.Class2">
    <ignored/>
  </testcase> <!-- tc004 -->
</testsuite> <!-- test1 -->
