<?xml version="1.0" encoding="UTF-8"?>
<!-- Generated by org.testng.reporters.JUnitXMLReporter -->
<testsuite hostname="AA-PC" ignored="0" name="test1" tests="4" failures="0" timestamp="20 Aug 2019 07:53:23 GMT" time="32.403" errors="0">
  <testcase name="launchBrowser" time="3.686" classname="framework_testng.CrossBrowser.CrossBrowser_Test"/>
  <testcase name="loadApp" time="13.393" classname="framework_testng.CrossBrowser.CrossBrowser_Test"/>
  <testcase name="flight_search" time="9.965" classname="framework_testng.CrossBrowser.CrossBrowser_Test"/>
  <testcase name="closeBrowser" time="5.336" classname="framework_testng.CrossBrowser.CrossBrowser_Test"/>
</testsuite> <!-- test1 -->
