<?xml version="1.0" encoding="UTF-8"?>
<!-- Generated by org.testng.reporters.JUnitXMLReporter -->
<testsuite hostname="AA-PC" ignored="0" name="test2" tests="4" failures="0" timestamp="20 Aug 2019 07:53:28 GMT" time="37.898" errors="0">
  <testcase name="launchBrowser" time="9.124" classname="framework_testng.CrossBrowser.CrossBrowser_Test"/>
  <testcase name="loadApp" time="6.828" classname="framework_testng.CrossBrowser.CrossBrowser_Test"/>
  <testcase name="flight_search" time="13.164" classname="framework_testng.CrossBrowser.CrossBrowser_Test"/>
  <testcase name="closeBrowser" time="8.772" classname="framework_testng.CrossBrowser.CrossBrowser_Test"/>
</testsuite> <!-- test2 -->
